SF:lib/core/extensions/ui_helper_extension.dart
DA:4,4
DA:5,6
DA:6,3
DA:7,6
LF:4
LH:4
end_of_record
SF:lib/features/financial/data/repositories/financial_repository_impl.dart
DA:5,1
DA:10,2
DA:11,1
DA:12,2
DA:14,1
DA:16,1
LF:6
LH:6
end_of_record
SF:lib/features/financial/domain/usecases/calculate_financial_health.dart
DA:7,1
DA:9,1
DA:10,2
LF:3
LH:3
end_of_record
SF:lib/features/financial/presentation/cubit/financial_health_state.dart
DA:7,4
DA:9,1
DA:10,1
DA:14,2
DA:18,3
DA:24,2
LF:6
LH:6
end_of_record
SF:lib/features/financial/presentation/cubit/financial_health_cubit.dart
DA:12,1
DA:13,1
DA:15,1
DA:19,1
DA:21,2
DA:26,2
LF:6
LH:6
end_of_record
SF:lib/core/cubit/kalshi_cubit.dart
DA:6,1
DA:8,1
DA:10,1
DA:11,1
LF:4
LH:4
end_of_record
SF:lib/core/widgets/kalshi_header.dart
DA:7,1
DA:9,1
DA:11,1
DA:12,1
DA:14,1
DA:15,1
LF:6
LH:6
end_of_record
SF:lib/core/widgets/styled_gdpr_information_data.dart
DA:9,1
DA:11,1
DA:13,1
DA:15,1
DA:17,1
DA:18,1
LF:6
LH:6
end_of_record
SF:lib/core/widgets/styled_button.dart
DA:21,1
DA:38,1
DA:40,1
DA:41,1
DA:42,1
DA:43,1
DA:44,1
DA:45,0
DA:54,1
DA:56,1
DA:58,3
DA:59,1
DA:60,1
DA:61,1
DA:64,1
DA:65,3
DA:66,2
DA:67,1
DA:69,2
DA:70,1
DA:71,1
DA:73,2
DA:74,1
DA:78,1
DA:79,1
DA:80,1
DA:86,1
DA:87,2
LF:28
LH:27
end_of_record
