SF:lib/features/financial/data/repositories/financial_repository_impl.dart
DA:6,1
DA:11,2
DA:12,1
DA:13,2
DA:15,1
DA:17,1
LF:6
LH:6
end_of_record
SF:lib/features/financial/domain/usecases/calculate_financial_health.dart
DA:7,2
DA:9,1
DA:10,2
LF:3
LH:3
end_of_record
SF:lib/features/financial/presentation/cubit/financial_health_state.dart
DA:5,12
DA:7,1
DA:8,1
DA:13,10
DA:18,11
DA:27,2
LF:6
LH:6
end_of_record
SF:lib/features/financial/presentation/cubit/financial_health_cubit.dart
DA:15,2
DA:16,2
DA:21,1
DA:25,1
DA:27,2
DA:32,2
DA:38,0
LF:7
LH:6
end_of_record
SF:lib/injection_container.dart
DA:9,6
DA:12,1
DA:13,2
DA:14,2
DA:17,2
DA:18,4
DA:21,2
DA:22,4
DA:25,2
LF:9
LH:9
end_of_record
SF:lib/core/cubit/kalshi_cubit.dart
DA:6,2
DA:8,1
DA:10,1
DA:11,1
LF:4
LH:4
end_of_record
SF:lib/core/extensions/ui_helper_extension.dart
DA:6,6
DA:9,9
DA:12,3
DA:15,9
LF:4
LH:4
end_of_record
SF:lib/core/utils/dismiss_keyboard.dart
DA:4,1
DA:5,3
LF:2
LH:2
end_of_record
SF:lib/core/widgets/kalshi_header.dart
DA:9,11
DA:11,2
DA:13,2
DA:14,2
DA:16,2
DA:17,2
LF:6
LH:6
end_of_record
SF:lib/core/widgets/styled_button.dart
DA:22,2
DA:39,2
DA:41,2
DA:42,2
DA:43,2
DA:44,2
DA:45,2
DA:46,0
DA:55,2
DA:57,2
DA:59,6
DA:60,2
DA:61,2
DA:62,2
DA:65,2
DA:66,6
DA:67,4
DA:68,2
DA:70,4
DA:71,2
DA:72,2
DA:74,4
DA:75,2
DA:79,2
DA:80,2
DA:81,2
DA:87,2
DA:88,4
LF:28
LH:27
end_of_record
SF:lib/core/widgets/styled_financial_header.dart
DA:13,10
DA:22,1
DA:24,1
DA:26,1
DA:27,1
DA:28,1
DA:31,1
DA:32,1
DA:34,1
DA:35,1
DA:36,1
DA:37,1
DA:40,1
LF:13
LH:13
end_of_record
SF:lib/core/widgets/styled_gdpr_information_data.dart
DA:10,11
DA:12,2
DA:14,2
DA:16,2
DA:18,2
DA:19,2
LF:6
LH:6
end_of_record
SF:lib/core/widgets/styled_icon_card.dart
DA:9,10
DA:11,1
DA:13,1
DA:14,1
DA:20,1
LF:5
LH:5
end_of_record
SF:lib/core/widgets/styled_text_form_field.dart
DA:47,1
DA:89,1
DA:91,1
DA:92,0
DA:95,1
DA:96,1
DA:97,1
DA:98,1
DA:99,1
DA:100,1
DA:101,1
DA:102,1
DA:103,1
DA:104,1
DA:107,1
DA:109,1
DA:110,1
DA:111,1
DA:112,1
DA:116,1
DA:118,1
DA:119,1
DA:121,1
DA:122,1
DA:123,0
DA:126,1
DA:128,1
DA:129,1
DA:130,1
DA:133,1
DA:135,1
DA:136,1
DA:137,1
DA:140,1
DA:142,1
DA:143,1
DA:144,0
DA:147,1
DA:158,1
DA:159,1
DA:160,1
DA:161,1
DA:162,1
DA:164,1
DA:168,1
DA:170,1
DA:171,1
DA:172,1
DA:173,1
DA:175,1
DA:176,1
DA:177,1
DA:178,1
DA:179,1
DA:180,1
DA:181,1
DA:184,1
LF:57
LH:54
end_of_record
SF:lib/features/financial/presentation/screens/financial_form_state.dart
DA:21,1
DA:34,1
DA:35,1
DA:38,1
DA:42,1
DA:48,1
DA:50,1
DA:51,0
DA:52,1
DA:53,1
DA:54,1
DA:56,1
DA:58,1
DA:60,1
DA:66,1
DA:81,1
DA:82,1
DA:84,1
DA:86,1
DA:99,1
DA:100,1
DA:101,1
DA:104,1
DA:121,1
DA:122,1
DA:123,1
DA:126,1
DA:132,1
DA:134,1
DA:136,1
DA:137,3
DA:139,3
DA:142,3
DA:144,2
DA:149,2
LF:35
LH:34
end_of_record
SF:lib/features/financial/presentation/widgets/financial_card_information.dart
DA:8,10
DA:10,1
LF:2
LH:2
end_of_record
